<?xml version="1.0" encoding="UTF-8"?>
<!-- Generated by org.testng.reporters.JUnitReportReporter -->
<testsuite hostname="LAPTOP-3L5DI794" name="TestScripts.AddAnnouncementTest" tests="1" failures="0" timestamp="19 Jan 2021 11:17:24 GMT" time="221.348" errors="0">
  <testcase name="addAnnouncementTest" time="221.348" classname="TestScripts.AddAnnouncementTest"/>
</testsuite> <!-- TestScripts.AddAnnouncementTest -->
