<?xml version="1.0" encoding="UTF-8"?>
<!-- Generated by org.testng.reporters.JUnitReportReporter -->
<testsuite hostname="LAPTOP-3L5DI794" name="TestScripts.AddClassroomTest" tests="1" failures="0" timestamp="19 Jan 2021 06:03:21 GMT" time="198.666" errors="0">
  <testcase name="addClassroomTest" time="198.666" classname="TestScripts.AddClassroomTest"/>
</testsuite> <!-- TestScripts.AddClassroomTest -->
